-------------------------------------------------------------------------------
Test set: FlightControllerTest
-------------------------------------------------------------------------------
Tests run: 9, Failures: 3, Errors: 0, Skipped: 0, Time elapsed: 0.07 sec <<< FAILURE! - in FlightControllerTest
givenEmptyFlightController_whenDeleteFlight_thenThrowFlightNotFoundException  Time elapsed: 0.037 sec  <<< FAILURE!
org.opentest4j.AssertionFailedError: Expected com.oregoom.tdd.example.FlightNotFoundException to be thrown, but nothing was thrown.
	at FlightControllerTest.givenEmptyFlightController_whenDeleteFlight_thenThrowFlightNotFoundException(FlightControllerTest.java:97)

givenEmptyFlightController_whenGetByReference_thenThrowFlightNotFoundException  Time elapsed: 0.003 sec  <<< FAILURE!
org.opentest4j.AssertionFailedError: Expected com.oregoom.tdd.example.FlightNotFoundException to be thrown, but nothing was thrown.
	at FlightControllerTest.givenEmptyFlightController_whenGetByReference_thenThrowFlightNotFoundException(FlightControllerTest.java:33)

givenFlightControllerWithFlight_whenDeleteFlight_thenGetReferenceReturnsFlightNotFoundException  Time elapsed: 0.002 sec  <<< FAILURE!
org.opentest4j.AssertionFailedError: Expected com.oregoom.tdd.example.FlightNotFoundException to be thrown, but nothing was thrown.
	at FlightControllerTest.givenFlightControllerWithFlight_whenDeleteFlight_thenGetReferenceReturnsFlightNotFoundException(FlightControllerTest.java:90)

