<?xml version="1.0" encoding="UTF-8"?>
<testsuite xmlns:xsi="http://www.w3.org/2001/XMLSchema-instance" xsi:schemaLocation="https://maven.apache.org/surefire/maven-surefire-plugin/xsd/surefire-test-report.xsd" name="CalculatorTest" time="0.024" tests="5" errors="0" skipped="0" failures="0">
  <properties>
[...]
</properties>
  <testcase name="testInvalidDivision" classname="CalculatorTest" time="0.016"/>
  <testcase name="testPositiveAbs" classname="CalculatorTest" time="0.001"/>
  <testcase name="testNegativeAbs" classname="CalculatorTest" time="0.001"/>
  <testcase name="testDivision" classname="CalculatorTest" time="0.001"/>
  <testcase name="testMultiply" classname="CalculatorTest" time="0"/>
</testsuite>